app/build/outputs/mapping/release/mapping.txt
# compiler: R8
# compiler_version: 1.5.69
# min_api: 19
# pg_map_id: afdd62a
com.khs.spcmeasure.Globals -> b.d.a.a:
    java.lang.String username -> f
    com.khs.spcmeasure.Globals instance -> g
    boolean canMeasure -> e
    boolean versionOk -> a
    int latestCode -> b
    java.lang.String latestName -> c
    boolean loggedIn -> d
    com.khs.spcmeasure.Globals getInstance() -> a
com.khs.spcmeasure.dao.FeatureDao -> b.d.a.b.a:
    android.content.Context mContext -> a
    com.khs.spcmeasure.helper.DBAdapter db -> b
    1:1:void com.khs.spcmeasure.helper.DBAdapter.close():0:0 -> a
    1:1:com.khs.spcmeasure.entity.Feature getFeature(long,long):0 -> a
    2:2:com.khs.spcmeasure.entity.Feature getFeature(long,long):0:0 -> a
    3:3:void com.khs.spcmeasure.helper.DBAdapter.close():0:0 -> a
    3:3:com.khs.spcmeasure.entity.Feature getFeature(long,long):0 -> a
    4:4:com.khs.spcmeasure.entity.Feature getFeature(long,long):0:0 -> a
    5:5:void com.khs.spcmeasure.helper.DBAdapter.close():0:0 -> a
    5:5:java.util.List getFeaturesByPieceId(long):0 -> a
    6:6:java.util.List getFeaturesByPieceId(long):0:0 -> a
    7:7:void com.khs.spcmeasure.helper.DBAdapter.close():0:0 -> a
    7:7:java.util.List getFeaturesByPieceId(long):0 -> a
    8:8:java.util.List getFeaturesByPieceId(long):0:0 -> a
    9:9:void com.khs.spcmeasure.helper.DBAdapter.close():0:0 -> a
    9:9:java.util.List getFeaturesByProdIdActive(long,boolean):0 -> a
    10:10:java.util.List getFeaturesByProdIdActive(long,boolean):0:0 -> a
    11:11:void com.khs.spcmeasure.helper.DBAdapter.close():0:0 -> a
    11:11:java.util.List getFeaturesByProdIdActive(long,boolean):0 -> a
    12:12:java.util.List getFeaturesByProdIdActive(long,boolean):0:0 -> a
com.khs.spcmeasure.dao.LimitsDao -> b.d.a.b.b:
    android.content.Context mContext -> a
    com.khs.spcmeasure.helper.DBAdapter db -> b
    1:1:void com.khs.spcmeasure.helper.DBAdapter.close():0:0 -> a
    1:1:com.khs.spcmeasure.entity.Limits getLimit(long,long,long,com.khs.spcmeasure.library.LimitType):0 -> a
    2:2:com.khs.spcmeasure.entity.Limits getLimit(long,long,long,com.khs.spcmeasure.library.LimitType):0:0 -> a
    3:3:void com.khs.spcmeasure.helper.DBAdapter.close():0:0 -> a
    3:3:com.khs.spcmeasure.entity.Limits getLimit(long,long,long,com.khs.spcmeasure.library.LimitType):0 -> a
    4:4:com.khs.spcmeasure.entity.Limits getLimit(long,long,long,com.khs.spcmeasure.library.LimitType):0:0 -> a
com.khs.spcmeasure.dao.MeasurementDao -> b.d.a.b.c:
    android.content.Context mContext -> a
    com.khs.spcmeasure.helper.DBAdapter db -> b
    1:1:java.lang.Long com.khs.spcmeasure.entity.Measurement.getId():0:0 -> a
    1:1:boolean deleteMeasurement(com.khs.spcmeasure.entity.Measurement):0 -> a
    2:2:boolean deleteMeasurement(com.khs.spcmeasure.entity.Measurement):0:0 -> a
    3:3:java.lang.Long com.khs.spcmeasure.entity.Measurement.getId():0:0 -> a
    3:3:boolean deleteMeasurement(com.khs.spcmeasure.entity.Measurement):0 -> a
    4:4:boolean deleteMeasurement(com.khs.spcmeasure.entity.Measurement):0:0 -> a
    5:5:void com.khs.spcmeasure.helper.DBAdapter.close():0:0 -> a
    5:5:boolean deleteMeasurement(com.khs.spcmeasure.entity.Measurement):0 -> a
    6:6:boolean deleteMeasurement(com.khs.spcmeasure.entity.Measurement):0:0 -> a
    7:7:void com.khs.spcmeasure.helper.DBAdapter.close():0:0 -> a
    7:7:boolean deleteMeasurement(com.khs.spcmeasure.entity.Measurement):0 -> a
    8:8:boolean deleteMeasurement(com.khs.spcmeasure.entity.Measurement):0:0 -> a
    9:9:void com.khs.spcmeasure.helper.DBAdapter.close():0:0 -> a
    9:9:boolean deleteMeasurement(com.khs.spcmeasure.entity.Measurement):0 -> a
    10:10:boolean deleteMeasurement(com.khs.spcmeasure.entity.Measurement):0:0 -> a
    11:11:void com.khs.spcmeasure.helper.DBAdapter.close():0:0 -> a
    11:11:com.khs.spcmeasure.entity.Measurement getMeasurement(long,long,long):0 -> a
...
android.support.v4.widget.CursorAdapter -> a.a.a.i.b:
    android.database.Cursor mCursor -> c
    android.support.v4.widget.CursorAdapter$ChangeObserver mChangeObserver -> f
    android.database.DataSetObserver mDataSetObserver -> g
    int mRowIDColumn -> e
    boolean mDataValid -> a
    android.support.v4.widget.CursorFilter mCursorFilter -> h
    boolean mAutoRequery -> b
    android.content.Context mContext -> d
    1:1:void init(android.content.Context,android.database.Cursor,int):0:0 -> <init>
    1:1:void <init>(android.content.Context,android.database.Cursor,boolean):0 -> <init>
    void bindView(android.view.View,android.content.Context,android.database.Cursor) -> a
    1:1:android.database.Cursor swapCursor(android.database.Cursor):0:0 -> a
    1:1:void changeCursor(android.database.Cursor):0 -> a
    2:2:void changeCursor(android.database.Cursor):0:0 -> a
    android.view.View newView(android.content.Context,android.database.Cursor,android.view.ViewGroup) -> a
    1:1:android.view.View android.support.v4.widget.ResourceCursorAdapter.newDropDownView(android.content.Context,android.database.Cursor,android.view.ViewGroup):0:0 -> getDropDownView
    1:1:android.view.View getDropDownView(int,android.view.View,android.view.ViewGroup):0 -> getDropDownView
    2:2:android.view.View getDropDownView(int,android.view.View,android.view.ViewGroup):0:0 -> getDropDownView
android.support.v4.widget.CursorAdapter$1 -> a.a.a.i.b$a:
android.support.v4.widget.CursorAdapter$ChangeObserver -> a.a.a.i.b$b:
    android.support.v4.widget.CursorAdapter this$0 -> a
    1:1:void android.support.v4.widget.CursorAdapter.onContentChanged():0:0 -> onChange
    1:1:void onChange(boolean):0 -> onChange
android.support.v4.widget.CursorAdapter$MyDataSetObserver -> a.a.a.i.b$c:
    android.support.v4.widget.CursorAdapter this$0 -> a
    1:1:void <init>(android.support.v4.widget.CursorAdapter):0:0 -> <init>
    1:1:void <init>(android.support.v4.widget.CursorAdapter,android.support.v4.widget.CursorAdapter$1):0 -> <init>
android.support.v4.widget.CursorFilter -> a.a.a.i.c:
    android.support.v4.widget.CursorFilter$CursorFilterClient mClient -> a
    1:1:android.database.Cursor android.support.v4.widget.CursorAdapter.getCursor():0:0 -> publishResults
    1:1:void publishResults(java.lang.CharSequence,android.widget.Filter$FilterResults):0 -> publishResults
    2:2:void publishResults(java.lang.CharSequence,android.widget.Filter$FilterResults):0:0 -> publishResults
android.support.v4.widget.CursorFilter$CursorFilterClient -> a.a.a.i.c$a:
android.support.v4.widget.EdgeEffectCompat -> a.a.a.i.d:
    java.lang.Object mEdgeEffect -> a
    android.support.v4.widget.EdgeEffectCompat$EdgeEffectImpl IMPL -> b
    boolean isFinished() -> a
    void setSize(int,int) -> a
    boolean onRelease() -> b